<?xml version="1.0" encoding="UTF-8"?>
<!-- Generated by org.testng.reporters.JUnitXMLReporter -->
<testsuite ignored="0" hostname="Mohannads-MBP.askey.com" failures="0" tests="9" name="Default test" time="6.808" errors="0" timestamp="2023-01-05T18:07:01 MST">
  <testcase classname="apiTests.PetStoreApiTests" name="chainValidation" time="1.695"/>
  <testcase classname="apiTests.PetStoreApiTests" name="createCatWithJsonFile" time="0.51"/>
  <testcase classname="apiTests.PetStoreApiTests" name="findPetByStatus" time="0.495"/>
  <testcase classname="apiTests.PetStoreApiTests" name="invalidIdUpdateCat" time="0.483"/>
  <testcase classname="apiTests.PetStoreApiTests" name="postACat" time="0.476"/>
  <testcase classname="apiTests.PetStoreApiTests" name="postApet" time="0.502"/>
  <testcase classname="apiTests.PetStoreApiTests" name="getPetById" time="0.464"/>
  <testcase classname="apiTests.PetStoreApiTests" name="updatACat" time="0.457"/>
  <testcase classname="apiTests.PetStoreApiTests" name="getById" time="0.499"/>
</testsuite> <!-- Default test -->
