<?xml version="1.0" encoding="UTF-8"?>
<testng-results ignored="0" total="9" passed="9" failed="0" skipped="0">
  <reporter-output>
  </reporter-output>
  <suite started-at="2023-01-05T18:06:54 MST" name="Default suite" finished-at="2023-01-05T18:07:01 MST" duration-ms="6808">
    <groups>
    </groups>
    <test started-at="2023-01-05T18:06:54 MST" name="Default test" finished-at="2023-01-05T18:07:01 MST" duration-ms="6808">
      <class name="apiTests.PetStoreApiTests">
        <test-method is-config="true" signature="setUp()[pri:0, instance:apiTests.PetStoreApiTests@2667f029]" started-at="2023-01-05T18:06:54 MST" name="setUp" finished-at="2023-01-05T18:06:54 MST" duration-ms="263" status="PASS">
          <reporter-output>
          </reporter-output>
        </test-method> <!-- setUp -->
        <test-method signature="chainValidation()[pri:0, instance:apiTests.PetStoreApiTests@2667f029]" started-at="2023-01-05T18:06:54 MST" name="chainValidation" finished-at="2023-01-05T18:06:56 MST" duration-ms="1695" status="PASS">
          <reporter-output>
          </reporter-output>
        </test-method> <!-- chainValidation -->
        <test-method signature="createCatWithJsonFile()[pri:0, instance:apiTests.PetStoreApiTests@2667f029]" started-at="2023-01-05T18:06:56 MST" name="createCatWithJsonFile" finished-at="2023-01-05T18:06:57 MST" duration-ms="510" status="PASS">
          <reporter-output>
          </reporter-output>
        </test-method> <!-- createCatWithJsonFile -->
        <test-method signature="findPetByStatus()[pri:0, instance:apiTests.PetStoreApiTests@2667f029]" started-at="2023-01-05T18:06:57 MST" name="findPetByStatus" finished-at="2023-01-05T18:06:57 MST" duration-ms="495" status="PASS">
          <reporter-output>
          </reporter-output>
        </test-method> <!-- findPetByStatus -->
        <test-method signature="invalidIdUpdateCat()[pri:0, instance:apiTests.PetStoreApiTests@2667f029]" started-at="2023-01-05T18:06:57 MST" name="invalidIdUpdateCat" finished-at="2023-01-05T18:06:58 MST" duration-ms="483" status="PASS">
          <reporter-output>
          </reporter-output>
        </test-method> <!-- invalidIdUpdateCat -->
        <test-method signature="postACat()[pri:0, instance:apiTests.PetStoreApiTests@2667f029]" started-at="2023-01-05T18:06:58 MST" name="postACat" finished-at="2023-01-05T18:06:58 MST" duration-ms="476" status="PASS">
          <reporter-output>
          </reporter-output>
        </test-method> <!-- postACat -->
        <test-method signature="postApet()[pri:0, instance:apiTests.PetStoreApiTests@2667f029]" started-at="2023-01-05T18:06:58 MST" name="postApet" finished-at="2023-01-05T18:06:58 MST" duration-ms="502" status="PASS">
          <reporter-output>
          </reporter-output>
        </test-method> <!-- postApet -->
        <test-method signature="getPetById()[pri:0, instance:apiTests.PetStoreApiTests@2667f029]" started-at="2023-01-05T18:06:59 MST" name="getPetById" finished-at="2023-01-05T18:06:59 MST" depends-on-methods="apiTests.PetStoreApiTests.postApet" duration-ms="464" status="PASS">
          <reporter-output>
          </reporter-output>
        </test-method> <!-- getPetById -->
        <test-method signature="updatACat()[pri:0, instance:apiTests.PetStoreApiTests@2667f029]" started-at="2023-01-05T18:06:59 MST" name="updatACat" finished-at="2023-01-05T18:06:59 MST" depends-on-methods="apiTests.PetStoreApiTests.postACat" duration-ms="457" status="PASS">
          <reporter-output>
          </reporter-output>
        </test-method> <!-- updatACat -->
        <test-method signature="getById()[pri:0, instance:apiTests.PetStoreApiTests@2667f029]" started-at="2023-01-05T18:06:59 MST" name="getById" finished-at="2023-01-05T18:07:00 MST" depends-on-methods="apiTests.PetStoreApiTests.postACat, apiTests.PetStoreApiTests.updatACat" duration-ms="499" status="PASS">
          <reporter-output>
          </reporter-output>
        </test-method> <!-- getById -->
        <test-method is-config="true" signature="cleanUp()[pri:0, instance:apiTests.PetStoreApiTests@2667f029]" started-at="2023-01-05T18:07:00 MST" name="cleanUp" finished-at="2023-01-05T18:07:01 MST" duration-ms="927" status="PASS">
          <reporter-output>
          </reporter-output>
        </test-method> <!-- cleanUp -->
      </class> <!-- apiTests.PetStoreApiTests -->
    </test> <!-- Default test -->
  </suite> <!-- Default suite -->
</testng-results>
